<?xml version="1.0" encoding="UTF-8"?>
<testsuite xmlns:xsi="http://www.w3.org/2001/XMLSchema-instance" xsi:noNamespaceSchemaLocation="https://maven.apache.org/surefire/maven-surefire-plugin/xsd/surefire-test-report.xsd" name="guru.springframework.sfgpetclinic.controllers.IndexControllerTest" time="0.065" tests="12" errors="0" skipped="6" failures="0">
  <properties>
[...]
</properties>
  <testcase name="oopsHandler" classname="guru.springframework.sfgpetclinic.controllers.IndexControllerTest" time="0.005"/>
  <testcase name="testTimeOut" classname="guru.springframework.sfgpetclinic.controllers.IndexControllerTest" time="0">
    <skipped message="Demo of Timeout"/>
  </testcase>
  <testcase name="testMeOnJava11" classname="guru.springframework.sfgpetclinic.controllers.IndexControllerTest" time="0.001"/>
  <testcase name="testMeOnWindows" classname="guru.springframework.sfgpetclinic.controllers.IndexControllerTest" time="0">
    <skipped message="Disabled on operating system: Mac OS X"/>
  </testcase>
  <testcase name="testAssumptionTrue_AssumptionIsTrue" classname="guru.springframework.sfgpetclinic.controllers.IndexControllerTest" time="0.003"/>
  <testcase name="index" classname="guru.springframework.sfgpetclinic.controllers.IndexControllerTest" time="0.001"/>
  <testcase name="testIfUserFred" classname="guru.springframework.sfgpetclinic.controllers.IndexControllerTest" time="0">
    <skipped message="Environment variable [USER] with value [michaelcane] does not match regular expression [fred]"/>
  </testcase>
  <testcase name="testIfUserMike" classname="guru.springframework.sfgpetclinic.controllers.IndexControllerTest" time="0.001"/>
  <testcase name="testTimeOutPrempt" classname="guru.springframework.sfgpetclinic.controllers.IndexControllerTest" time="0">
    <skipped message="Demo of Timeout"/>
  </testcase>
  <testcase name="testMeOnJava8" classname="guru.springframework.sfgpetclinic.controllers.IndexControllerTest" time="0">
    <skipped message="Disabled on JRE version: 11.0.1"/>
  </testcase>
  <testcase name="testMeOnMacOS" classname="guru.springframework.sfgpetclinic.controllers.IndexControllerTest" time="0.001"/>
  <testcase name="testAssumptionTrue" classname="guru.springframework.sfgpetclinic.controllers.IndexControllerTest" time="0">
    <skipped message="Assumption failed: assumption is not true" type="org.opentest4j.TestAbortedException">org.opentest4j.TestAbortedException: Assumption failed: assumption is not true
	at guru.springframework.sfgpetclinic.controllers.IndexControllerTest.testAssumptionTrue(IndexControllerTest.java:58)
</skipped>
  </testcase>
</testsuite>